<?xml version="1.0" encoding="UTF-8"?>
<!-- Generated by org.testng.reporters.JUnitReportReporter -->
<testsuite hostname="LAPTOP-A1980DM2" failures="0" tests="3" name="TestNG.Prioritytestcase" time="0.021" errors="0" timestamp="2020-06-03T14:52:33 EDT" skipped="0">
  <testcase classname="TestNG.Prioritytestcase" name="testcase3" time="0.012"/>
  <system-out/>
  <testcase classname="TestNG.Prioritytestcase" name="testcase1" time="0.003"/>
  <system-out/>
  <testcase classname="TestNG.Prioritytestcase" name="testcase2" time="0.006"/>
  <system-out/>
</testsuite> <!-- TestNG.Prioritytestcase -->
