<?xml version="1.0" encoding="UTF-8"?>
<!-- Generated by org.testng.reporters.JUnitReportReporter -->
<testsuite hostname="LAPTOP-A1980DM2" failures="0" tests="1" name="TestNG.TestcaseTNG" time="0.016" errors="0" timestamp="2020-06-03T14:14:21 EDT" skipped="0">
  <testcase classname="TestNG.TestcaseTNG" name="Testcase1" time="0.016"/>
  <system-out/>
</testsuite> <!-- TestNG.TestcaseTNG -->
